<?xml version="1.0" encoding="UTF-8"?>
<!-- Generated by org.testng.reporters.JUnitXMLReporter -->
<testsuite ignored="0" hostname="MSI" failures="1" tests="4" name="Login Tests" time="51.48" errors="0" timestamp="2025-07-31T14:56:12 IST">
  <testcase classname="com.janitri.qa.tests.LoginTest" name="testElementsVisible" time="0.12"/>
  <testcase classname="com.janitri.qa.tests.LoginTest" name="testInvalidLoginShowErrorMsg" time="10.94">
    <failure type="java.lang.AssertionError" message="Should show error for invalid login expected [true] but found [false]">
      <![CDATA[java.lang.AssertionError: Should show error for invalid login expected [true] but found [false]
at com.janitri.qa.tests.LoginTest.testInvalidLoginShowErrorMsg(LoginTest.java:29)
at java.base/java.util.ArrayList.forEach(ArrayList.java:1596)
... Removed 28 stack frames]]>
    </failure>
  </testcase> <!-- testInvalidLoginShowErrorMsg -->
  <testcase classname="com.janitri.qa.tests.LoginTest" name="testLoginButtonEnabledEvenWhenFieldsAreEmpty" time="0.166"/>
  <testcase classname="com.janitri.qa.tests.LoginTest" name="testPasswordMaskedButton" time="0.2"/>
</testsuite> <!-- Login Tests -->
